#
# There is insufficient memory for the Java Runtime Environment to continue.
# Native memory allocation (mmap) failed to map 536870912 bytes for G1 virtual space
# Possible reasons:
#   The system is out of physical RAM or swap space
#   The process is running with CompressedOops enabled, and the Java Heap may be blocking the growth of the native heap
# Possible solutions:
#   Reduce memory load on the system
#   Increase physical memory or swap space
#   Check if swap backing store is full
#   Decrease Java heap size (-Xmx/-Xms)
#   Decrease number of Java threads
#   Decrease Java thread stack sizes (-Xss)
#   Set larger code cache with -XX:ReservedCodeCacheSize=
#   JVM is running with Zero Based Compressed Oops mode in which the Java heap is
#     placed in the first 32GB address space. The Java Heap base address is the
#     maximum limit for the native heap growth. Please use -XX:HeapBaseMinAddress
#     to set the Java Heap base and to place the Java Heap above 32GB virtual address.
# This output file may be truncated or incomplete.
#
#  Out of Memory Error (os_windows.cpp:3613), pid=8780, tid=18968
#
# JRE version:  (17.0.10+7) (build )
# Java VM: OpenJDK 64-Bit Server VM (17.0.10+7, mixed mode, sharing, tiered, compressed oops, compressed class ptrs, g1 gc, windows-amd64)
# No core dump will be written. Minidumps are not enabled by default on client versions of Windows
#

---------------  S U M M A R Y ------------

Command Line: -Dfile.encoding=UTF-8 -Dstdout.encoding=UTF-8 -Dstderr.encoding=UTF-8 -XX:+ShowCodeDetailsInExceptionMessages pm.Main

Host: Intel(R) Core(TM) i5-10400F CPU @ 2.90GHz, 12 cores, 31G,  Windows 10 , 64 bit Build 19041 (10.0.19041.3636)
Time: Tue Apr  9 17:36:35 2024  Windows 10 , 64 bit Build 19041 (10.0.19041.3636) elapsed time: 0.006593 seconds (0d 0h 0m 0s)

---------------  T H R E A D  ---------------

Current thread (0x000001526b5cdeb0):  JavaThread "Unknown thread" [_thread_in_vm, id=18968, stack(0x000000206f800000,0x000000206f900000)]

Stack: [0x000000206f800000,0x000000206f900000]
Native frames: (J=compiled Java code, j=interpreted, Vv=VM code, C=native code)
V  [jvm.dll+0x67d2c9]
V  [jvm.dll+0x834afa]
V  [jvm.dll+0x8365be]
V  [jvm.dll+0x836c23]
V  [jvm.dll+0x2477ff]
V  [jvm.dll+0x67a109]
V  [jvm.dll+0x66eb7a]
V  [jvm.dll+0x30764b]
V  [jvm.dll+0x30eaf6]
V  [jvm.dll+0x35e83e]
V  [jvm.dll+0x35ea6f]
V  [jvm.dll+0x2de248]
V  [jvm.dll+0x2df1b4]
V  [jvm.dll+0x806361]
V  [jvm.dll+0x36c6f1]
V  [jvm.dll+0x7e4e06]
V  [jvm.dll+0x3eff3f]
V  [jvm.dll+0x3f1b71]
C  [jli.dll+0x528f]
C  [ucrtbase.dll+0x21bb2]
C  [KERNEL32.DLL+0x17344]
C  [ntdll.dll+0x526b1]


---------------  P R O C E S S  ---------------

Threads class SMR info:
_java_thread_list=0x00007ffde518ee98, length=0, elements={
}

Java Threads: ( => current thread )

Other Threads:
  0x000001526b67aad0 GCTaskThread "GC Thread#0" [stack: 0x000000206f900000,0x000000206fa00000] [id=16276]
  0x000001526b68c020 ConcurrentGCThread "G1 Main Marker" [stack: 0x000000206fa00000,0x000000206fb00000] [id=15904]
  0x000001526b68c950 ConcurrentGCThread "G1 Conc#0" [stack: 0x000000206fb00000,0x000000206fc00000] [id=5708]

[error occurred during error reporting (printing all threads), id 0xc0000005, EXCEPTION_ACCESS_VIOLATION (0xc0000005) at pc=0x00007ffde494ec87]

VM state: not at safepoint (not fully initialized)

VM Mutex/Monitor currently owned by a thread:  ([mutex/lock_event])
[0x000001526b5c8670] Heap_lock - owner thread: 0x000001526b5cdeb0

Heap address: 0x0000000601400000, size: 8172 MB, Compressed Oops mode: Zero based, Oop shift amount: 3

CDS archive(s) mapped at: [0x0000000000000000-0x0000000000000000-0x0000000000000000), size 0, SharedBaseAddress: 0x0000000800000000, ArchiveRelocationMode: 1.
Narrow klass base: 0x0000000000000000, Narrow klass shift: 0, Narrow klass range: 0x0

GC Precious Log:
<Empty>

Heap:
 garbage-first heap   total 0K, used 0K [0x0000000601400000, 0x0000000800000000)
  region size 4096K, 0 young (0K), 0 survivors (0K)

[error occurred during error reporting (printing heap information), id 0xc0000005, EXCEPTION_ACCESS_VIOLATION (0xc0000005) at pc=0x00007ffde4d36fb9]

GC Heap History (0 events):
No events

Dll operation events (1 events):
Event: 0.004 Loaded shared library C:\Users\kosmo\.p2\pool\plugins\org.eclipse.justj.openjdk.hotspot.jre.full.win32.x86_64_17.0.10.v20240120-1143\jre\bin\java.dll

Deoptimization events (0 events):
No events

Classes unloaded (0 events):
No events

Classes redefined (0 events):
No events

Internal exceptions (0 events):
No events

VM Operations (0 events):
No events

Events (0 events):
No events


Dynamic libraries:
0x00007ff667850000 - 0x00007ff66785e000 	C:\Users\kosmo\.p2\pool\plugins\org.eclipse.justj.openjdk.hotspot.jre.full.win32.x86_64_17.0.10.v20240120-1143\jre\bin\javaw.exe
0x00007ffe155d0000 - 0x00007ffe157c8000 	C:\Windows\SYSTEM32\ntdll.dll
0x00007ffe15330000 - 0x00007ffe153ed000 	C:\Windows\System32\KERNEL32.DLL
0x00007ffe12e60000 - 0x00007ffe13156000 	C:\Windows\System32\KERNELBASE.dll
0x00007ffe12d10000 - 0x00007ffe12e10000 	C:\Windows\System32\ucrtbase.dll
0x00007ffe11470000 - 0x00007ffe11487000 	C:\Users\kosmo\.p2\pool\plugins\org.eclipse.justj.openjdk.hotspot.jre.full.win32.x86_64_17.0.10.v20240120-1143\jre\bin\jli.dll
0x00007ffe10c10000 - 0x00007ffe10c2b000 	C:\Users\kosmo\.p2\pool\plugins\org.eclipse.justj.openjdk.hotspot.jre.full.win32.x86_64_17.0.10.v20240120-1143\jre\bin\VCRUNTIME140.dll
0x00007ffe153f0000 - 0x00007ffe1558e000 	C:\Windows\System32\USER32.dll
0x00007ffe13360000 - 0x00007ffe13382000 	C:\Windows\System32\win32u.dll
0x00007ffdf9570000 - 0x00007ffdf980a000 	C:\Windows\WinSxS\amd64_microsoft.windows.common-controls_6595b64144ccf1df_6.0.19041.3636_none_60b6a03d71f818d5\COMCTL32.dll
0x00007ffe136b0000 - 0x00007ffe136db000 	C:\Windows\System32\GDI32.dll
0x00007ffe14ed0000 - 0x00007ffe14f6e000 	C:\Windows\System32\msvcrt.dll
0x00007ffe13430000 - 0x00007ffe13547000 	C:\Windows\System32\gdi32full.dll
0x00007ffe13390000 - 0x00007ffe1342d000 	C:\Windows\System32\msvcp_win.dll
0x00007ffe13a40000 - 0x00007ffe13a72000 	C:\Windows\System32\IMM32.DLL
0x00007ffe10b90000 - 0x00007ffe10b9c000 	C:\Users\kosmo\.p2\pool\plugins\org.eclipse.justj.openjdk.hotspot.jre.full.win32.x86_64_17.0.10.v20240120-1143\jre\bin\vcruntime140_1.dll
0x00007ffe0a5f0000 - 0x00007ffe0a67d000 	C:\Users\kosmo\.p2\pool\plugins\org.eclipse.justj.openjdk.hotspot.jre.full.win32.x86_64_17.0.10.v20240120-1143\jre\bin\msvcp140.dll
0x00007ffde4660000 - 0x00007ffde52c2000 	C:\Users\kosmo\.p2\pool\plugins\org.eclipse.justj.openjdk.hotspot.jre.full.win32.x86_64_17.0.10.v20240120-1143\jre\bin\server\jvm.dll
0x00007ffe13600000 - 0x00007ffe136b0000 	C:\Windows\System32\ADVAPI32.dll
0x00007ffe14510000 - 0x00007ffe145b0000 	C:\Windows\System32\sechost.dll
0x00007ffe13880000 - 0x00007ffe139a5000 	C:\Windows\System32\RPCRT4.dll
0x00007ffe132c0000 - 0x00007ffe132e7000 	C:\Windows\System32\bcrypt.dll
0x00007ffe12430000 - 0x00007ffe1247b000 	C:\Windows\SYSTEM32\POWRPROF.dll
0x00007ffe0b430000 - 0x00007ffe0b439000 	C:\Windows\SYSTEM32\WSOCK32.dll
0x00007ffe06320000 - 0x00007ffe06347000 	C:\Windows\SYSTEM32\WINMM.dll
0x00007ffe15200000 - 0x00007ffe1526b000 	C:\Windows\System32\WS2_32.dll
0x00007ffe113d0000 - 0x00007ffe113da000 	C:\Windows\SYSTEM32\VERSION.dll
0x00007ffe123a0000 - 0x00007ffe123b2000 	C:\Windows\SYSTEM32\UMPDC.dll
0x00007ffe11510000 - 0x00007ffe11522000 	C:\Windows\SYSTEM32\kernel.appcore.dll
0x00007ffe04910000 - 0x00007ffe0491a000 	C:\Users\kosmo\.p2\pool\plugins\org.eclipse.justj.openjdk.hotspot.jre.full.win32.x86_64_17.0.10.v20240120-1143\jre\bin\jimage.dll
0x00007ffe0c290000 - 0x00007ffe0c474000 	C:\Windows\SYSTEM32\DBGHELP.DLL
0x00007ffe0bec0000 - 0x00007ffe0bef4000 	C:\Windows\SYSTEM32\dbgcore.DLL
0x00007ffe12c80000 - 0x00007ffe12d02000 	C:\Windows\System32\bcryptPrimitives.dll
0x00007ffdf09c0000 - 0x00007ffdf09e5000 	C:\Users\kosmo\.p2\pool\plugins\org.eclipse.justj.openjdk.hotspot.jre.full.win32.x86_64_17.0.10.v20240120-1143\jre\bin\java.dll

dbghelp: loaded successfully - version: 4.0.5 - missing functions: none
symbol engine: initialized successfully - sym options: 0x614 - pdb path: .;C:\Users\kosmo\.p2\pool\plugins\org.eclipse.justj.openjdk.hotspot.jre.full.win32.x86_64_17.0.10.v20240120-1143\jre\bin;C:\Windows\SYSTEM32;C:\Windows\WinSxS\amd64_microsoft.windows.common-controls_6595b64144ccf1df_6.0.19041.3636_none_60b6a03d71f818d5;C:\Users\kosmo\.p2\pool\plugins\org.eclipse.justj.openjdk.hotspot.jre.full.win32.x86_64_17.0.10.v20240120-1143\jre\bin\server

VM Arguments:
jvm_args: -Dfile.encoding=UTF-8 -Dstdout.encoding=UTF-8 -Dstderr.encoding=UTF-8 -XX:+ShowCodeDetailsInExceptionMessages 
java_command: pm.Main
java_class_path (initial): C:\data\java\ex02\bin
Launcher Type: SUN_STANDARD

[Global flags]
     intx CICompilerCount                          = 4                                         {product} {ergonomic}
     uint ConcGCThreads                            = 3                                         {product} {ergonomic}
     uint G1ConcRefinementThreads                  = 10                                        {product} {ergonomic}
   size_t G1HeapRegionSize                         = 4194304                                   {product} {ergonomic}
    uintx GCDrainStackTargetSize                   = 64                                        {product} {ergonomic}
   size_t InitialHeapSize                          = 536870912                                 {product} {ergonomic}
   size_t MarkStackSize                            = 4194304                                   {product} {ergonomic}
   size_t MaxHeapSize                              = 8568963072                                {product} {ergonomic}
   size_t MinHeapDeltaBytes                        = 4194304                                   {product} {ergonomic}
   size_t MinHeapSize                              = 8388608                                   {product} {ergonomic}
    uintx NonNMethodCodeHeapSize                   = 5839372                                {pd product} {ergonomic}
    uintx NonProfiledCodeHeapSize                  = 122909434                              {pd product} {ergonomic}
    uintx ProfiledCodeHeapSize                     = 122909434                              {pd product} {ergonomic}
    uintx ReservedCodeCacheSize                    = 251658240                              {pd product} {ergonomic}
     bool SegmentedCodeCache                       = true                                      {product} {ergonomic}
     bool ShowCodeDetailsInExceptionMessages       = true                                   {manageable} {command line}
   size_t SoftMaxHeapSize                          = 8568963072                             {manageable} {ergonomic}
     bool UseCompressedClassPointers               = true                           {product lp64_product} {ergonomic}
     bool UseCompressedOops                        = true                           {product lp64_product} {ergonomic}
     bool UseG1GC                                  = true                                      {product} {ergonomic}
     bool UseLargePagesIndividualAllocation        = false                                  {pd product} {ergonomic}

Logging:
Log output configuration:
 #0: stdout all=warning uptime,level,tags
 #1: stderr all=off uptime,level,tags

Environment Variables:
PATH=C:/Users/kosmo/.p2/pool/plugins/org.eclipse.justj.openjdk.hotspot.jre.full.win32.x86_64_17.0.10.v20240120-1143/jre/bin/server;C:/Users/kosmo/.p2/pool/plugins/org.eclipse.justj.openjdk.hotspot.jre.full.win32.x86_64_17.0.10.v20240120-1143/jre/bin;C:\Windows\system32;C:\Windows;C:\Windows\System32\Wbem;C:\Windows\System32\WindowsPowerShell\v1.0\;C:\Windows\System32\OpenSSH\;C:\Program Files\nodejs\;C:\Users\kosmo\AppData\Local\Programs\Python\Python312\Scripts\;C:\Users\kosmo\AppData\Local\Programs\Python\Python312\;C:\Users\kosmo\AppData\Local\Microsoft\WindowsApps;C:\Users\kosmo\AppData\Local\Programs\Microsoft VS Code\bin;C:\Users\kosmo\AppData\Roaming\npm;C:\Users\kosmo\Desktop;
USERNAME=kosmo
OS=Windows_NT
PROCESSOR_IDENTIFIER=Intel64 Family 6 Model 165 Stepping 5, GenuineIntel
TMP=C:\Users\kosmo\AppData\Local\Temp
TEMP=C:\Users\kosmo\AppData\Local\Temp



Periodic native trim disabled


---------------  S Y S T E M  ---------------

OS:
 Windows 10 , 64 bit Build 19041 (10.0.19041.3636)
OS uptime: 4 days 2:04 hours

CPU: total 12 (initial active 12) (6 cores per cpu, 2 threads per core) family 6 model 165 stepping 5 microcode 0xe2, cx8, cmov, fxsr, ht, mmx, 3dnowpref, sse, sse2, sse3, ssse3, sse4.1, sse4.2, popcnt, lzcnt, tsc, tscinvbit, avx, avx2, aes, erms, clmul, bmi1, bmi2, adx, fma, vzeroupper, clflush, clflushopt
Processor Information for all 12 processors :
  Max Mhz: 2904, Current Mhz: 2904, Mhz Limit: 2904

Memory: 4k page, system-wide physical 32682M (24940M free)
TotalPageFile size 61218M (AvailPageFile size 23M)
current process WorkingSet (physical memory assigned to process): 10M, peak: 10M
current process commit charge ("private bytes"): 64M, peak: 576M

vm_info: OpenJDK 64-Bit Server VM (17.0.10+7) for windows-amd64 JRE (17.0.10+7), built on Jan 16 2024 23:25:11 by "admin" with MS VC++ 16.10 / 16.11 (VS2019)

END.
